      
06_04_2024_14-17-58.671 Rls2 i am alive    
06_04_2024_14-17-59.668 Rls3 i am alive    
06_04_2024_14-18-00.672 Spro i am alive    
06_04_2024_14-18-01.368 Rls3 confirm 214761 3351128 4053308 584.64 rocket
06_04_2024_14-18-01.488 Rls2 confirm 696843 9139860 4198074 79.17 plane
06_04_2024_14-18-01.741 Rls3 confirm 4b8a25 1705024 809540 8073.84 ballistic
06_04_2024_14-18-01.808 Rls2 confirm d5ecbd 7563952 2855182 8934.84 ballistic
06_04_2024_14-18-01.899 Rls3 confirm 51c8fc 6628122 1738164 8508.08 ballistic
06_04_2024_14-18-02.703 Zrdn2 i am alive    
06_04_2024_14-18-02.417 Spro confirm 45462e 5756143 4031138 9666.19 ballistic
06_04_2024_14-18-02.480 Spro shot 45462e 5756143 4031138 9666.19 ballistic
06_04_2024_14-18-02.480 Spro ammo left 9   
06_04_2024_14-18-02.597 Rls3 confirm ca95f1 4810510 964130 8024.91 ballistic
06_04_2024_14-18-02.652 Rls3 toSpro ca95f1 4810510 964130  
06_04_2024_14-18-02.683 Spro confirm 11afca 6320477 4460129 164.71 plane
06_04_2024_14-18-03.722 Zrdn3 i am alive    
06_04_2024_14-18-05.844 Spro destroyed 45462e 9666.19   
06_04_2024_14-18-29.805 Rls1 i am alive    
06_04_2024_14-18-42.167 Zrdn2 confirm ba81b9 4082741 3927294 8004.99 ballistic
06_04_2024_14-19-19.040 Spro confirm 5a8cca 6472356 3855116 8839.62 ballistic
06_04_2024_14-19-19.104 Spro shot 5a8cca 6472356 3855116 8839.62 ballistic
06_04_2024_14-19-19.104 Spro ammo left 8   
06_04_2024_14-19-22.013 Spro no kill 5a8cca 6445890 3856790  
06_04_2024_14-19-23.464 Spro confirm 5a8cca 6437068 3857348 8839.62 ballistic
06_04_2024_14-19-23.507 Spro shot 5a8cca 6437068 3857348 8839.62 ballistic
06_04_2024_14-19-23.507 Spro ammo left 7   
06_04_2024_14-19-24.028 Rls3 confirm b45b2f 3691094 2083116 74.65 plane
06_04_2024_14-19-26.318 Spro no kill 5a8cca 6410602 3859022  
06_04_2024_14-19-27.729 Spro confirm 5a8cca 6401780 3859580 8839.62 ballistic
06_04_2024_14-19-27.769 Spro shot 5a8cca 6401780 3859580 8839.62 ballistic
06_04_2024_14-19-27.769 Spro ammo left 6   
06_04_2024_14-19-28.814 Rls3 confirm e7d975 2760560 3458686 765.66 rocket
06_04_2024_14-19-30.966 Spro destroyed 5a8cca 8839.62   
06_04_2024_14-19-32.461 Spro confirm 6756c1 6395242 4132080 127.44 plane
06_04_2024_14-19-44.071 Spro confirm 1769fd 6587640 3041230 8591.90 ballistic
06_04_2024_14-19-44.108 Spro shot 1769fd 6587640 3041230 8591.90 ballistic
06_04_2024_14-19-44.108 Spro ammo left 5   
06_04_2024_14-19-45.084 Rls2 confirm 09ee1e 9267466 3356336 9503.39 ballistic
06_04_2024_14-19-45.128 Rls2 toSpro 09ee1e 9267466 3356336  
06_04_2024_14-19-46.680 Spro destroyed 1769fd 8591.90   
06_04_2024_14-19-50.157 Rls3 confirm e2eed1 4261282 2322486 685.51 rocket
06_04_2024_14-20-06.586 Rls2 confirm 1e9cd9 8919564 4161360 9833.20 ballistic 
06_04_2024_14-20-40.955 Rls3 confirm dba66b 6087720 472320 9181.97 ballistic
06_04_2024_14-20-41.687 Spro confirm 4cc733 6217862 2990180 440.29 rocket
06_04_2024_14-22-28.895 Rls1 i am alive    
06_04_2024_14-22-29.914 Rls2 i am alive    
06_04_2024_14-22-30.907 Rls3 i am alive    
06_04_2024_14-22-31.914 Spro i am alive    
06_04_2024_14-22-32.426 Rls2 confirm 2edef1 8019286 4488040 9515.34 ballistic
06_04_2024_14-22-32.918 Zrdn1 i am alive    
06_04_2024_14-22-32.606 Rls3 confirm 9f439c 3777622 2759482 8463.61 ballistic
06_04_2024_14-22-32.661 Rls3 toSpro 9f439c 3777622 2759482  
06_04_2024_14-22-32.863 Rls3 confirm 29ebf8 3048760 3234744 8728.84 ballistic
06_04_2024_14-22-32.914 Rls2 confirm 9389ac 6318202 5725556 243.89 plane
06_04_2024_14-22-33.171 Rls2 confirm 0b3524 8679404 5418384 855.37 rocket
06_04_2024_14-22-33.250 Rls3 confirm 4790de 3397202 4286250 160.70 plane
06_04_2024_14-22-33.362 Rls2 confirm f47bdd 7099714 4639158 9138.52 ballistic
06_04_2024_14-22-33.545 Rls3 confirm 66cfc4 4530234 1980480 8211.16 ballistic
06_04_2024_14-22-33.929 Zrdn2 i am alive    
06_04_2024_14-22-34.935 Zrdn3 i am alive    
06_04_2024_14-22-33.626 Rls3 toSpro 66cfc4 4530234 1980480  
06_04_2024_14-22-33.683 Rls2 confirm ce14f8 8923250 3889708 932.70 rocket
06_04_2024_14-22-33.931 Spro confirm 3ebbf9 6674712 3403063 98.27 plane
06_04_2024_14-22-34.035 Rls2 confirm fc45a9 7421818 5694966 92.57 plane
06_04_2024_14-22-34.197 Rls3 confirm 8b0fc0 3630512 2076040 917.57 rocket
06_04_2024_14-22-34.208 Rls2 confirm dd3d6f 8724716 3924984 9909.40 ballistic
06_04_2024_14-22-34.269 Rls2 toSpro dd3d6f 8724716 3924984  
06_04_2024_14-22-34.767 Rls2 confirm 1b3b4e 6571798 5432864 121.75 plane
06_04_2024_14-22-36.995 Zrdn3 confirm 4790de 3397606 4286750 160.70 plane
06_04_2024_14-22-37.060 Zrdn3 shot 4790de 3397606 4286750 160.70 plane
06_04_2024_14-22-37.060 Zrdn3 ammo left 19   
06_04_2024_14-22-40.011 Zrdn3 destroyed 4790de 160.70   
06_04_2024_14-22-59.445 Rls2 confirm 6235b6 6982587 3955545 697.90 rocket 
06_04_2024_14-23-04.904 Spro confirm 3f7336 6357154 3728879 8382.32 ballistic
06_04_2024_14-23-04.965 Spro shot 3f7336 6357154 3728879 8382.32 ballistic
06_04_2024_14-23-04.965 Spro ammo left 9   
06_04_2024_14-23-08.704 Spro destroyed 3f7336 8382.32   
06_04_2024_14-23-29.404 Rls3 confirm 496a99 100789 2987789 9658.89 ballistic 
06_04_2024_14-23-33.181 Rls3 confirm b32c2c 2610611 2964376 956.88 rocket
06_04_2024_14-23-34.350 Rls3 confirm b27ccb 6754095 1029762 8037.67 ballistic
06_04_2024_14-23-37.002 Rls2 confirm ee99fd 7243356 3780468 569.77 rocket 
06_04_2024_14-24-07.044 Rls3 confirm 7c13b5 2926825 2247825 777.81 rocket
06_04_2024_14-24-09.648 Zrdn1 no signal
06_04_2024_14-24-10.621 Rls2 confirm 94a3b8 8199829 5465778 186.81 plane
06_04_2024_14-24-27.237 Rls3 confirm 85cfb0 2620284 3847084 9407.94 ballistic 
06_04_2024_14-24-41.068 Zrdn1 i am alive    
06_04_2024_14-24-51.140 Rls3 confirm a89b53 3794213 1873258 111.52 plane
06_04_2024_14-25-21.571 Rls2 confirm 3331c0 9292620 3872300 193.65 plane
07_04_2024_20-47-58.255 Rls1 i am alive    
07_04_2024_20-47-59.255 Rls2 i am alive    
07_04_2024_20-48-00.259 Rls3 i am alive    
07_04_2024_20-47-59.760 Rls1 confirm 09e3e8 75482 5422486 9514.20 ballistic
07_04_2024_20-47-59.798 Rls1 toSpro 09e3e8 75482 5422486  
07_04_2024_20-48-00.344 Rls2 confirm 53d2b8 8287367 4999357 9447.99 ballistic
07_04_2024_20-48-01.263 Spro i am alive    
07_04_2024_20-48-00.510 Rls2 confirm ca310f 7306166 3128810 387.53 rocket
07_04_2024_20-48-00.723 Rls2 confirm d69d23 7227899 3510552 410.54 rocket
07_04_2024_20-48-00.881 Rls2 confirm 68aa11 8746186 4388094 9155.05 ballistic
07_04_2024_20-48-01.018 Rls2 confirm 93a2b5 7168589 3005582 237.49 plane
07_04_2024_20-48-01.131 Rls2 confirm f2d34d 8234325 3602984 397.75 rocket
07_04_2024_20-48-01.350 Rls2 confirm d79bca 8030892 5108769 85.00 plane
07_04_2024_20-48-01.413 Rls3 confirm ae4c3e 4094188 2245220 302.04 rocket
07_04_2024_20-48-02.265 Zrdn1 i am alive    
07_04_2024_20-48-01.966 Rls2 confirm 0930a4 8776827 3382383 8745.47 ballistic
07_04_2024_20-48-02.013 Rls2 toSpro 0930a4 8776827 3382383  
07_04_2024_20-48-02.137 Rls2 confirm e57ea9 8187451 5157233 616.77 rocket
07_04_2024_20-48-03.261 Zrdn2 i am alive    
07_04_2024_20-48-03.271 Spro confirm bde3f2 5976470 4182190 9714.97 ballistic
07_04_2024_20-48-03.318 Spro shot bde3f2 5976470 4182190 9714.97 ballistic
07_04_2024_20-48-03.318 Spro ammo left 9   
07_04_2024_20-48-03.700 Spro confirm 9653a2 6580940 3528725 9652.70 ballistic
07_04_2024_20-48-03.741 Spro shot 9653a2 6580940 3528725 9652.70 ballistic
07_04_2024_20-48-03.741 Spro ammo left 8   
07_04_2024_20-48-03.873 Spro confirm 0ddedf 6806795 3283330 9508.86 ballistic
07_04_2024_20-48-03.905 Spro shot 0ddedf 6806795 3283330 9508.86 ballistic
07_04_2024_20-48-03.905 Spro ammo left 7   
07_04_2024_20-48-04.278 Zrdn3 i am alive    
07_04_2024_20-48-04.225 Spro confirm 344e7e 5448095 3414225 9722.90 ballistic
07_04_2024_20-48-04.274 Spro shot 344e7e 5448095 3414225 9722.90 ballistic
07_04_2024_20-48-04.274 Spro ammo left 6   
07_04_2024_20-48-05.118 Zrdn1 confirm 344e7e 5440914 3407670 9722.90 ballistic
07_04_2024_20-48-06.190 Spro no kill 0ddedf 6787913 3281062  
07_04_2024_20-48-06.572 Spro destroyed bde3f2 9714.97   
07_04_2024_20-48-06.599 Spro destroyed 9653a2 9652.70   
07_04_2024_20-48-06.629 Spro destroyed 344e7e 9722.90   
07_04_2024_20-48-07.464 Spro confirm 0ddedf 6778472 3279928 9508.86 ballistic
07_04_2024_20-48-07.498 Spro shot 0ddedf 6778472 3279928 9508.86 ballistic
07_04_2024_20-48-07.498 Spro ammo left 5   
07_04_2024_20-48-09.689 Spro destroyed 0ddedf 9508.86   
07_04_2024_20-48-10.423 Rls3 confirm a6cdf8 5354938 108782 8493.88 ballistic
07_04_2024_20-48-23.075 Rls3 confirm 09e3e8 250302 5347346 9514.20 ballistic
07_04_2024_20-48-26.313 Rls3 confirm 691721 4074026 1923932 9802.26 ballistic
07_04_2024_20-48-56.821 Rls2 confirm 40530e 8222975 2673353 748.37 rocket 
07_04_2024_20-49-05.275 Rls3 confirm 4c5c48 6217322 1337957 8870.33 rocket 
07_04_2024_20-49-07.769 Rls2 confirm c5e0f1 9137141 3663179 877.45 rocket
07_04_2024_20-49-08.873 Zrdn1 confirm 9527a9 4442386 3580978 8467.78 ballistic
07_04_2024_20-49-09.437 Zrdn2 confirm 9527a9 4442386 3580978 8467.78 ballistic
07_04_2024_20-49-14.474 Rls2 confirm 9bee14 8639984 5278362 9150.40 ballistic
07_04_2024_20-49-41.730 Rls1 confirm b33a18 1877406 4550644 9814.62 ballistic
07_04_2024_20-49-42.817 Rls3 confirm b33a18 1882609 4558966 9814.62 ballistic
07_04_2024_20-49-52.184 Rls3 confirm 3b2938 6484064 1983456 9924.51 ballistic
07_04_2024_20-50-05.383 Rls2 confirm 8521b6 9035686 4580827 8267.32 ballistic 
07_04_2024_20-50-20.613 Rls3 confirm 7f57ee 706317 3689249 8203.51 ballistic
07_04_2024_20-50-21.244 Rls1 confirm 7f57ee 706317 3689249 8203.51 ballistic
07_04_2024_20-50-21.370 Rls3 confirm c987c3 3441444 2057480 9544.36 ballistic
07_04_2024_20-50-21.429 Rls3 toSpro c987c3 3441444 2057480  
07_04_2024_20-50-23.548 Rls2 confirm d2b082 7363860 3775364 194.99 plane
07_04_2024_20-50-26.303 Rls2 confirm 6a2bd8 8465616 3402402 185.31 plane
07_04_2024_20-50-46.352 Rls2 confirm 4c75eb 8903754 5112530 665.84 rocket
07_04_2024_20-50-58.676 Rls3 confirm 5cb4d7 1543250 1948899 8901.07 ballistic 
07_04_2024_20-51-00.733 Spro confirm e5ec79 6242174 4275042 89.49 plane
07_04_2024_20-51-22.024 Rls2 confirm 9388c8 7425846 4697804 124.63 plane
07_04_2024_20-51-32.549 Rls2 confirm 33f38b 7604916 3473405 275.74 rocket
07_04_2024_20-51-39.386 Rls3 confirm a8c3c7 5088972 1338588 8053.23 ballistic
07_04_2024_20-51-41.579 Rls3 confirm adc6ce 2951499 3424681 863.37 rocket 
07_04_2024_20-51-47.860 Rls2 confirm 7cb55c 7718718 5907900 9169.83 ballistic
07_04_2024_20-52-00.386 Rls3 confirm 8d75d3 5947466 1548398 8025.82 ballistic
07_04_2024_20-52-02.014 Rls2 confirm 0b4ade 9487404 4057023 631.90 rocket 
07_04_2024_20-52-03.638 Rls1 confirm 319012 247234 8369597 8936.50 ballistic
07_04_2024_20-52-03.697 Rls3 confirm 974f9b 3150256 2907887 980.38 rocket
07_04_2024_20-52-30.086 Rls2 confirm 6a8751 8967526 2679234 352.40 rocket
07_04_2024_20-52-45.378 Rls2 confirm 2817b9 7348092 3825676 9563.27 ballistic
07_04_2024_20-52-45.426 Rls2 toSpro 2817b9 7348092 3825676  
07_04_2024_20-52-49.209 Rls2 confirm 071696 8293658 4588919 234.30 plane
07_04_2024_20-52-50.892 Spro confirm cd767a 6027422 4464152 224.26 plane
07_04_2024_20-53-08.669 Rls2 confirm 3f933e 6952156 3993920 8118.58 ballistic 
07_04_2024_20-53-17.035 Rls2 confirm 778d41 8490107 2958121 947.63 rocket
07_04_2024_20-53-22.638 Spro confirm 3f933e 6865624 4038680 8118.58 ballistic
07_04_2024_20-53-22.677 Spro shot 3f933e 6865624 4038680 8118.58 ballistic
07_04_2024_20-53-22.677 Spro ammo left 4   
07_04_2024_20-53-24.843 Spro no kill 3f933e 6851202 4046140  
07_04_2024_20-53-25.028 Zrdn1 confirm be7a74 5011252 4234070 130.77 plane
07_04_2024_20-53-25.069 Zrdn1 shot be7a74 5011252 4234070 130.77 plane
07_04_2024_20-53-25.069 Zrdn1 ammo left 19   
07_04_2024_20-53-27.548 Spro confirm 3f933e 6843991 4049870 8118.58 ballistic
07_04_2024_20-53-27.593 Spro shot 3f933e 6843991 4049870 8118.58 ballistic
07_04_2024_20-53-27.593 Spro ammo left 3   
07_04_2024_20-53-27.842 Zrdn1 destroyed be7a74 130.77   
07_04_2024_20-53-30.233 Spro destroyed 3f933e 8118.58   
07_04_2024_20-53-30.962 Rls3 confirm a241bf 3308216 3380802 8534.42 ballistic
07_04_2024_20-53-41.556 Spro confirm 2817b9 6933564 3628492 9563.27 ballistic
07_04_2024_20-53-41.597 Spro shot 2817b9 6933564 3628492 9563.27 ballistic
07_04_2024_20-53-41.597 Spro ammo left 2   
07_04_2024_20-53-44.829 Spro destroyed 2817b9 9563.27   
07_04_2024_20-53-49.968 Zrdn1 confirm c987c3 4719738 3161960 9544.36 ballistic
07_04_2024_20-53-58.054 Rls3 confirm 44f168 3808870 3733987 877.13 rocket
07_04_2024_20-54-03.020 Rls2 confirm a5bb73 6710543 4592410 975.53 rocket
07_04_2024_20-54-05.326 Spro confirm 40f455 5683088 3604818 680.60 rocket
07_04_2024_20-54-10.526 Spro confirm f71b29 6177790 3045298 422.16 rocket
07_04_2024_20-54-13.487 Rls2 confirm c399e8 8161966 5621448 9156.88 ballistic
07_04_2024_20-54-20.992 Zrdn3 confirm f52096 2823938 4685622 9393.49 ballistic
07_04_2024_20-54-22.038 Rls3 confirm f52096 2830407 4692433 9393.49 ballistic
07_04_2024_20-54-39.523 Rls2 confirm 51a8b3 7586440 5112904 9381.64 ballistic 
07_04_2024_20-54-43.371 Rls2 confirm d72a21 7555568 2914548 348.90 rocket
07_04_2024_20-54-47.940 Rls3 confirm 0172e0 4782126 1142236 9296.63 ballistic 
07_04_2024_20-54-48.820 Rls2 confirm 69933f 9318104 3329004 880.44 rocket 
07_04_2024_20-54-53.520 Rls2 confirm 7dc650 8098987 4830580 685.44 rocket
07_04_2024_20-54-57.389 Zrdn3 confirm 2f3140 2617198 4857756 863.53 rocket
07_04_2024_20-54-57.448 Zrdn3 shot 2f3140 2617198 4857756 863.53 rocket
07_04_2024_20-54-57.448 Zrdn3 ammo left 19   
07_04_2024_20-55-00.059 Zrdn3 destroyed 2f3140 863.53   
07_04_2024_20-55-00.596 Rls2 confirm 3aa312 7689716 5592768 8436.22 ballistic 
